Using pre-set license
Built from '2020.3/staging' branch; Version is '2020.3.4f1 (0abb6314276a) revision 703331'; Using compiler version '192528614'; Build Type 'Release'
OS: 'Windows 10 Home; OS build 19043.1165; Version 2009; 64bit' Language: 'ko' Physical Memory: 16196 MB
BatchMode: 1, IsHumanControllingUs: 0, StartBugReporterOnCrash: 0, Is64bit: 1, IsPro: 0

 COMMAND LINE ARGUMENTS:
C:\Program Files\Unity\Hub\Editor\2020.3.4f1\Editor\Unity.exe
-adb2
-batchMode
-noUpm
-name
AssetImportWorker0
-projectPath
C:/developer/unityws/lecture/unity/Lecture-UnityMMORPG2/Client
-logFile
Logs/AssetImportWorker0.log
-srvPort
13528
Successfully changed project path to: C:/developer/unityws/lecture/unity/Lecture-UnityMMORPG2/Client
C:/developer/unityws/lecture/unity/Lecture-UnityMMORPG2/Client
Using Asset Import Pipeline V2.
Refreshing native plugins compatible for Editor in 56.78 ms, found 1 plugins.
Preloading 0 native plugins for Editor in 0.00 ms.
Initialize engine version: 2020.3.4f1 (0abb6314276a)
[Subsystems] Discovering subsystems at path C:/Program Files/Unity/Hub/Editor/2020.3.4f1/Editor/Data/Resources/UnitySubsystems
[Subsystems] Discovering subsystems at path C:/developer/unityws/lecture/unity/Lecture-UnityMMORPG2/Client/Assets
GfxDevice: creating device client; threaded=0
Direct3D:
    Version:  Direct3D 11.0 [level 11.0]
    Renderer: NVIDIA GeForce GTX 960M (ID=0x139b)
    Vendor:   
    VRAM:     2017 MB
    Driver:   23.21.13.8927
Initialize mono
Mono path[0] = 'C:/Program Files/Unity/Hub/Editor/2020.3.4f1/Editor/Data/Managed'
Mono path[1] = 'C:/Program Files/Unity/Hub/Editor/2020.3.4f1/Editor/Data/MonoBleedingEdge/lib/mono/unityjit'
Mono config path = 'C:/Program Files/Unity/Hub/Editor/2020.3.4f1/Editor/Data/MonoBleedingEdge/etc'
Using monoOptions --debugger-agent=transport=dt_socket,embedding=1,server=y,suspend=n,address=127.0.0.1:56816
Begin MonoManager ReloadAssembly
Registering precompiled unity dll's ...
Register platform support module: C:/Program Files/Unity/Hub/Editor/2020.3.4f1/Editor/Data/PlaybackEngines/WebGLSupport/UnityEditor.WebGL.Extensions.dll
Register platform support module: C:/Program Files/Unity/Hub/Editor/2020.3.4f1/Editor/Data/PlaybackEngines/WindowsStandaloneSupport/UnityEditor.WindowsStandalone.Extensions.dll
Registered in 0.004920 seconds.
Native extension for WindowsStandalone target not found
Native extension for WebGL target not found
Refreshing native plugins compatible for Editor in 50.45 ms, found 1 plugins.
Preloading 0 native plugins for Editor in 0.00 ms.
Mono: successfully reloaded assembly
- Completed reload, in  1.735 seconds
Platform modules already initialized, skipping
Registering precompiled user dll's ...
Registered in 0.001439 seconds.
Begin MonoManager ReloadAssembly
Native extension for WindowsStandalone target not found
Native extension for WebGL target not found
Refreshing native plugins compatible for Editor in 51.27 ms, found 1 plugins.
Preloading 0 native plugins for Editor in 0.00 ms.
Mono: successfully reloaded assembly
- Completed reload, in  1.361 seconds
Platform modules already initialized, skipping
========================================================================
Worker process is ready to serve import requests
Launched and connected shader compiler UnityShaderCompiler.exe after 0.12 seconds
Refreshing native plugins compatible for Editor in 0.40 ms, found 1 plugins.
Preloading 0 native plugins for Editor in 0.00 ms.
Unloading 1826 Unused Serialized files (Serialized files now loaded: 0)
System memory in use before: 85.3 MB.
System memory in use after: 85.3 MB.

Unloading 24 unused Assets to reduce memory usage. Loaded Objects now: 2269.
Total: 3.237300 ms (FindLiveObjects: 0.530800 ms CreateObjectMapping: 0.262500 ms MarkObjects: 2.163200 ms  DeleteObjects: 0.279300 ms)

========================================================================
Received Import Request.
  path: Assets/Scripts/TestCollision.cs
  artifactKey: Guid(c192612cc9c3879469c63dfde1b05b20) Importer(815301076,1909f56bfc062723c751e8b465ee728b)
Start importing Assets/Scripts/TestCollision.cs using Guid(c192612cc9c3879469c63dfde1b05b20) Importer(815301076,1909f56bfc062723c751e8b465ee728b)  -> (artifact id: 'd9e420fee64229d32ac70db33b944e01') in 0.046003 seconds
  Import took 0.051762 seconds .

========================================================================
Received Prepare
Registering precompiled user dll's ...
Registered in 0.002676 seconds.
Begin MonoManager ReloadAssembly
Native extension for WindowsStandalone target not found
Native extension for WebGL target not found
Refreshing native plugins compatible for Editor in 0.47 ms, found 1 plugins.
Preloading 0 native plugins for Editor in 0.00 ms.
Mono: successfully reloaded assembly
- Completed reload, in  3.632 seconds
Platform modules already initialized, skipping
Refreshing native plugins compatible for Editor in 0.74 ms, found 1 plugins.
Preloading 0 native plugins for Editor in 0.00 ms.
Unloading 1822 Unused Serialized files (Serialized files now loaded: 0)
System memory in use before: 85.3 MB.
System memory in use after: 85.3 MB.

Unloading 12 unused Assets to reduce memory usage. Loaded Objects now: 2274.
Total: 5.243100 ms (FindLiveObjects: 0.387400 ms CreateObjectMapping: 0.156200 ms MarkObjects: 4.534300 ms  DeleteObjects: 0.163100 ms)

========================================================================
Received Prepare
Registering precompiled user dll's ...
Registered in 0.001577 seconds.
Begin MonoManager ReloadAssembly
Native extension for WindowsStandalone target not found
Native extension for WebGL target not found
Refreshing native plugins compatible for Editor in 0.57 ms, found 1 plugins.
Preloading 0 native plugins for Editor in 0.00 ms.
Mono: successfully reloaded assembly
- Completed reload, in  1.430 seconds
Platform modules already initialized, skipping
Refreshing native plugins compatible for Editor in 0.84 ms, found 1 plugins.
Preloading 0 native plugins for Editor in 0.00 ms.
Unloading 1822 Unused Serialized files (Serialized files now loaded: 0)
System memory in use before: 85.3 MB.
System memory in use after: 85.3 MB.

Unloading 12 unused Assets to reduce memory usage. Loaded Objects now: 2278.
Total: 3.164800 ms (FindLiveObjects: 0.469500 ms CreateObjectMapping: 0.219800 ms MarkObjects: 2.299500 ms  DeleteObjects: 0.174500 ms)

========================================================================
Received Prepare
Registering precompiled user dll's ...
Registered in 0.002772 seconds.
Begin MonoManager ReloadAssembly
Native extension for WindowsStandalone target not found
Native extension for WebGL target not found
Refreshing native plugins compatible for Editor in 0.76 ms, found 1 plugins.
Preloading 0 native plugins for Editor in 0.00 ms.
Mono: successfully reloaded assembly
- Completed reload, in  1.759 seconds
Platform modules already initialized, skipping
Refreshing native plugins compatible for Editor in 0.52 ms, found 1 plugins.
Preloading 0 native plugins for Editor in 0.00 ms.
Unloading 1822 Unused Serialized files (Serialized files now loaded: 0)
System memory in use before: 85.4 MB.
System memory in use after: 85.3 MB.

Unloading 12 unused Assets to reduce memory usage. Loaded Objects now: 2282.
Total: 3.275700 ms (FindLiveObjects: 0.363400 ms CreateObjectMapping: 0.115700 ms MarkObjects: 2.538200 ms  DeleteObjects: 0.256700 ms)

========================================================================
Received Prepare
Registering precompiled user dll's ...
Registered in 0.002368 seconds.
Begin MonoManager ReloadAssembly
Native extension for WindowsStandalone target not found
Native extension for WebGL target not found
Refreshing native plugins compatible for Editor in 0.46 ms, found 1 plugins.
Preloading 0 native plugins for Editor in 0.00 ms.
Mono: successfully reloaded assembly
- Completed reload, in  2.207 seconds
Platform modules already initialized, skipping
Refreshing native plugins compatible for Editor in 0.79 ms, found 1 plugins.
Preloading 0 native plugins for Editor in 0.00 ms.
Unloading 1822 Unused Serialized files (Serialized files now loaded: 0)
System memory in use before: 85.4 MB.
System memory in use after: 85.3 MB.

Unloading 12 unused Assets to reduce memory usage. Loaded Objects now: 2286.
Total: 8.148400 ms (FindLiveObjects: 0.556000 ms CreateObjectMapping: 0.429000 ms MarkObjects: 6.964500 ms  DeleteObjects: 0.196500 ms)

========================================================================
Received Prepare
Registering precompiled user dll's ...
Registered in 0.002942 seconds.
Begin MonoManager ReloadAssembly
Native extension for WindowsStandalone target not found
Native extension for WebGL target not found
Refreshing native plugins compatible for Editor in 0.42 ms, found 1 plugins.
Preloading 0 native plugins for Editor in 0.00 ms.
Mono: successfully reloaded assembly
- Completed reload, in  1.457 seconds
Platform modules already initialized, skipping
Refreshing native plugins compatible for Editor in 0.40 ms, found 1 plugins.
Preloading 0 native plugins for Editor in 0.00 ms.
Unloading 1822 Unused Serialized files (Serialized files now loaded: 0)
System memory in use before: 85.4 MB.
System memory in use after: 85.3 MB.

Unloading 12 unused Assets to reduce memory usage. Loaded Objects now: 2290.
Total: 2.368600 ms (FindLiveObjects: 0.216900 ms CreateObjectMapping: 0.090800 ms MarkObjects: 1.914600 ms  DeleteObjects: 0.144800 ms)

========================================================================
Received Import Request.
  Time since last request: 351.515812 seconds.
  path: Assets
  artifactKey: Guid(00000000000000001000000000000000) Importer(815301076,1909f56bfc062723c751e8b465ee728b)
Start importing Assets using Guid(00000000000000001000000000000000) Importer(815301076,1909f56bfc062723c751e8b465ee728b)  -> (artifact id: '025e4f587c23674256bb898581e82961') in 0.007022 seconds
  Import took 0.016385 seconds .

========================================================================
Received Import Request.
  Time since last request: 0.016072 seconds.
  path: Assets
  artifactKey: Guid(00000000000000001000000000000000) Importer(815301076,1909f56bfc062723c751e8b465ee728b)
Start importing Assets using Guid(00000000000000001000000000000000) Importer(815301076,1909f56bfc062723c751e8b465ee728b)  -> (artifact id: '025e4f587c23674256bb898581e82961') in 0.006859 seconds
  Import took 0.014786 seconds .

========================================================================
Received Import Request.
  Time since last request: 9.808420 seconds.
  path: Assets/Editor
  artifactKey: Guid(ed26533565cef6249a904ff4cbf138cf) Importer(815301076,1909f56bfc062723c751e8b465ee728b)
Start importing Assets/Editor using Guid(ed26533565cef6249a904ff4cbf138cf) Importer(815301076,1909f56bfc062723c751e8b465ee728b)  -> (artifact id: '66cb4ea3647fba414ba834b84a9ba77e') in 0.015905 seconds
  Import took 0.030438 seconds .

========================================================================
Received Import Request.
  Time since last request: 17.748225 seconds.
  path: Assets/Editor/MapEditor.cs
  artifactKey: Guid(1fc612176b77c5e49bba4e13a4c1b447) Importer(815301076,1909f56bfc062723c751e8b465ee728b)
Start importing Assets/Editor/MapEditor.cs using Guid(1fc612176b77c5e49bba4e13a4c1b447) Importer(815301076,1909f56bfc062723c751e8b465ee728b)  -> (artifact id: 'aa138c6d7429908ab3975082c1f39f43') in 0.012846 seconds
  Import took 0.024533 seconds .

========================================================================
Received Prepare
Registering precompiled user dll's ...
Registered in 0.001475 seconds.
Begin MonoManager ReloadAssembly
Native extension for WindowsStandalone target not found
Native extension for WebGL target not found
Refreshing native plugins compatible for Editor in 0.65 ms, found 1 plugins.
Preloading 0 native plugins for Editor in 0.00 ms.
Mono: successfully reloaded assembly
- Completed reload, in  1.878 seconds
Platform modules already initialized, skipping
Refreshing native plugins compatible for Editor in 0.51 ms, found 1 plugins.
Preloading 0 native plugins for Editor in 0.00 ms.
Unloading 1823 Unused Serialized files (Serialized files now loaded: 0)
System memory in use before: 85.4 MB.
System memory in use after: 85.4 MB.

Unloading 12 unused Assets to reduce memory usage. Loaded Objects now: 2295.
Total: 4.282900 ms (FindLiveObjects: 0.586500 ms CreateObjectMapping: 0.106600 ms MarkObjects: 3.392700 ms  DeleteObjects: 0.194900 ms)

========================================================================
Received Prepare
Registering precompiled user dll's ...
Registered in 0.001696 seconds.
Begin MonoManager ReloadAssembly
Native extension for WindowsStandalone target not found
Native extension for WebGL target not found
Refreshing native plugins compatible for Editor in 0.49 ms, found 1 plugins.
Preloading 0 native plugins for Editor in 0.00 ms.
Mono: successfully reloaded assembly
- Completed reload, in  1.273 seconds
Platform modules already initialized, skipping
Refreshing native plugins compatible for Editor in 0.44 ms, found 1 plugins.
Preloading 0 native plugins for Editor in 0.00 ms.
Unloading 1823 Unused Serialized files (Serialized files now loaded: 0)
System memory in use before: 85.4 MB.
System memory in use after: 85.4 MB.

Unloading 12 unused Assets to reduce memory usage. Loaded Objects now: 2299.
Total: 2.737500 ms (FindLiveObjects: 0.307200 ms CreateObjectMapping: 0.072300 ms MarkObjects: 2.176200 ms  DeleteObjects: 0.180600 ms)

========================================================================
Received Import Request.
  Time since last request: 159.734325 seconds.
  path: Assets/Editor/MapEditor.cs
  artifactKey: Guid(1fc612176b77c5e49bba4e13a4c1b447) Importer(815301076,1909f56bfc062723c751e8b465ee728b)
Start importing Assets/Editor/MapEditor.cs using Guid(1fc612176b77c5e49bba4e13a4c1b447) Importer(815301076,1909f56bfc062723c751e8b465ee728b)  -> (artifact id: '399a859e42b6c8ef97a7a54142d71f89') in 0.006524 seconds
  Import took 0.012266 seconds .

========================================================================
Received Prepare
Registering precompiled user dll's ...
Registered in 0.001621 seconds.
Begin MonoManager ReloadAssembly
Native extension for WindowsStandalone target not found
Native extension for WebGL target not found
Refreshing native plugins compatible for Editor in 0.42 ms, found 1 plugins.
Preloading 0 native plugins for Editor in 0.00 ms.
Mono: successfully reloaded assembly
- Completed reload, in  1.328 seconds
Platform modules already initialized, skipping
Refreshing native plugins compatible for Editor in 0.40 ms, found 1 plugins.
Preloading 0 native plugins for Editor in 0.00 ms.
Unloading 1823 Unused Serialized files (Serialized files now loaded: 0)
System memory in use before: 85.4 MB.
System memory in use after: 85.4 MB.

Unloading 12 unused Assets to reduce memory usage. Loaded Objects now: 2303.
Total: 2.359400 ms (FindLiveObjects: 0.222400 ms CreateObjectMapping: 0.081700 ms MarkObjects: 1.877100 ms  DeleteObjects: 0.176300 ms)

========================================================================
Received Prepare
Registering precompiled user dll's ...
Registered in 0.001480 seconds.
Begin MonoManager ReloadAssembly
Native extension for WindowsStandalone target not found
Native extension for WebGL target not found
Refreshing native plugins compatible for Editor in 0.39 ms, found 1 plugins.
Preloading 0 native plugins for Editor in 0.00 ms.
Mono: successfully reloaded assembly
- Completed reload, in  1.236 seconds
Platform modules already initialized, skipping
Refreshing native plugins compatible for Editor in 0.43 ms, found 1 plugins.
Preloading 0 native plugins for Editor in 0.00 ms.
Unloading 1823 Unused Serialized files (Serialized files now loaded: 0)
System memory in use before: 85.4 MB.
System memory in use after: 85.4 MB.

Unloading 12 unused Assets to reduce memory usage. Loaded Objects now: 2307.
Total: 3.301200 ms (FindLiveObjects: 0.543300 ms CreateObjectMapping: 0.189700 ms MarkObjects: 2.404000 ms  DeleteObjects: 0.162300 ms)

========================================================================
Received Prepare
Registering precompiled user dll's ...
Registered in 0.001590 seconds.
Begin MonoManager ReloadAssembly
Native extension for WindowsStandalone target not found
Native extension for WebGL target not found
Refreshing native plugins compatible for Editor in 0.46 ms, found 1 plugins.
Preloading 0 native plugins for Editor in 0.00 ms.
Mono: successfully reloaded assembly
- Completed reload, in  1.232 seconds
Platform modules already initialized, skipping
Refreshing native plugins compatible for Editor in 0.38 ms, found 1 plugins.
Preloading 0 native plugins for Editor in 0.00 ms.
Unloading 1823 Unused Serialized files (Serialized files now loaded: 0)
System memory in use before: 85.4 MB.
System memory in use after: 85.4 MB.

Unloading 12 unused Assets to reduce memory usage. Loaded Objects now: 2311.
Total: 2.967900 ms (FindLiveObjects: 0.427700 ms CreateObjectMapping: 0.198600 ms MarkObjects: 2.183200 ms  DeleteObjects: 0.156500 ms)

========================================================================
Received Prepare
Registering precompiled user dll's ...
Registered in 0.001989 seconds.
Begin MonoManager ReloadAssembly
Native extension for WindowsStandalone target not found
Native extension for WebGL target not found
Refreshing native plugins compatible for Editor in 0.45 ms, found 1 plugins.
Preloading 0 native plugins for Editor in 0.00 ms.
Mono: successfully reloaded assembly
- Completed reload, in  1.521 seconds
Platform modules already initialized, skipping
Refreshing native plugins compatible for Editor in 0.42 ms, found 1 plugins.
Preloading 0 native plugins for Editor in 0.00 ms.
Unloading 1823 Unused Serialized files (Serialized files now loaded: 0)
System memory in use before: 85.4 MB.
System memory in use after: 85.4 MB.

Unloading 12 unused Assets to reduce memory usage. Loaded Objects now: 2315.
Total: 2.748600 ms (FindLiveObjects: 0.212900 ms CreateObjectMapping: 0.087400 ms MarkObjects: 2.296300 ms  DeleteObjects: 0.150900 ms)

========================================================================
Received Import Request.
  Time since last request: 317.320687 seconds.
  path: Assets/Resources
  artifactKey: Guid(87c1c460cd7c0cc4fb5b2604ba1644e1) Importer(815301076,1909f56bfc062723c751e8b465ee728b)
Start importing Assets/Resources using Guid(87c1c460cd7c0cc4fb5b2604ba1644e1) Importer(815301076,1909f56bfc062723c751e8b465ee728b)  -> (artifact id: 'd1102f05f219eae3a0ce4285cffeb985') in 0.006810 seconds
  Import took 0.012854 seconds .

========================================================================
Received Import Request.
  Time since last request: 2.807092 seconds.
  path: Assets/Resources/Map
  artifactKey: Guid(17806ec57dc06144598be2ab6bd45806) Importer(815301076,1909f56bfc062723c751e8b465ee728b)
Start importing Assets/Resources/Map using Guid(17806ec57dc06144598be2ab6bd45806) Importer(815301076,1909f56bfc062723c751e8b465ee728b)  -> (artifact id: 'be8616f797c0e9e03a185c785ee75d61') in 0.006690 seconds
  Import took 0.013636 seconds .

========================================================================
Received Prepare
Registering precompiled user dll's ...
Registered in 0.004203 seconds.
Begin MonoManager ReloadAssembly
Native extension for WindowsStandalone target not found
Native extension for WebGL target not found
Refreshing native plugins compatible for Editor in 0.44 ms, found 1 plugins.
Preloading 0 native plugins for Editor in 0.00 ms.
Mono: successfully reloaded assembly
- Completed reload, in  1.975 seconds
Platform modules already initialized, skipping
Refreshing native plugins compatible for Editor in 0.67 ms, found 1 plugins.
Preloading 0 native plugins for Editor in 0.00 ms.
Unloading 1823 Unused Serialized files (Serialized files now loaded: 0)
System memory in use before: 85.4 MB.
System memory in use after: 85.4 MB.

Unloading 12 unused Assets to reduce memory usage. Loaded Objects now: 2319.
Total: 5.332800 ms (FindLiveObjects: 0.443100 ms CreateObjectMapping: 0.173800 ms MarkObjects: 4.465300 ms  DeleteObjects: 0.248300 ms)

========================================================================
Received Prepare
Registering precompiled user dll's ...
Registered in 0.001492 seconds.
Begin MonoManager ReloadAssembly
Native extension for WindowsStandalone target not found
Native extension for WebGL target not found
Refreshing native plugins compatible for Editor in 0.44 ms, found 1 plugins.
Preloading 0 native plugins for Editor in 0.00 ms.
Mono: successfully reloaded assembly
- Completed reload, in  1.379 seconds
Platform modules already initialized, skipping
Refreshing native plugins compatible for Editor in 0.38 ms, found 1 plugins.
Preloading 0 native plugins for Editor in 0.00 ms.
Unloading 1823 Unused Serialized files (Serialized files now loaded: 0)
System memory in use before: 85.5 MB.
System memory in use after: 85.4 MB.

Unloading 12 unused Assets to reduce memory usage. Loaded Objects now: 2323.
Total: 2.716600 ms (FindLiveObjects: 0.290200 ms CreateObjectMapping: 0.113300 ms MarkObjects: 2.133000 ms  DeleteObjects: 0.178700 ms)

========================================================================
Received Import Request.
  Time since last request: 412.913937 seconds.
  path: Assets/Resources/Map/output.txt
  artifactKey: Guid(692071b89f563ad4b89ca0525b237f78) Importer(815301076,1909f56bfc062723c751e8b465ee728b)
Start importing Assets/Resources/Map/output.txt using Guid(692071b89f563ad4b89ca0525b237f78) Importer(815301076,1909f56bfc062723c751e8b465ee728b)  -> (artifact id: '52d7421e40292fb03f016b43433834d3') in 0.027019 seconds
  Import took 0.033395 seconds .

========================================================================
Received Import Request.
  Time since last request: 0.002369 seconds.
  path: Assets/Resources/Map/output.txt
  artifactKey: Guid(692071b89f563ad4b89ca0525b237f78) Importer(815301076,1909f56bfc062723c751e8b465ee728b)
Start importing Assets/Resources/Map/output.txt using Guid(692071b89f563ad4b89ca0525b237f78) Importer(815301076,1909f56bfc062723c751e8b465ee728b)  -> (artifact id: '52d7421e40292fb03f016b43433834d3') in 0.004478 seconds
  Import took 0.010630 seconds .

========================================================================
Received Import Request.
  Time since last request: 85.502165 seconds.
  path: Assets/Resources/Prefabs/Map
  artifactKey: Guid(42d5ecd6775ef854db5c3872c9f8c99b) Importer(815301076,1909f56bfc062723c751e8b465ee728b)
Start importing Assets/Resources/Prefabs/Map using Guid(42d5ecd6775ef854db5c3872c9f8c99b) Importer(815301076,1909f56bfc062723c751e8b465ee728b)  -> (artifact id: '58be29b4f867fe1839e57ead565b657c') in 0.004531 seconds
  Import took 0.010515 seconds .

========================================================================
Received Import Request.
  Time since last request: 13.295211 seconds.
  path: Assets/Resources/Prefabs/Map/Map.prefab
  artifactKey: Guid(8d197b68478e8dd44b0151c1b68d1b53) Importer(815301076,1909f56bfc062723c751e8b465ee728b)
Start importing Assets/Resources/Prefabs/Map/Map.prefab using Guid(8d197b68478e8dd44b0151c1b68d1b53) Importer(815301076,1909f56bfc062723c751e8b465ee728b)  -> (artifact id: '1eed8ecff50a35f07a07d2a448e94daf') in 0.030547 seconds
  Import took 0.036453 seconds .

========================================================================
Received Import Request.
  Time since last request: 6.466718 seconds.
  path: Assets/Resources/Prefabs/Map/Map_01.prefab
  artifactKey: Guid(8d197b68478e8dd44b0151c1b68d1b53) Importer(815301076,1909f56bfc062723c751e8b465ee728b)
Start importing Assets/Resources/Prefabs/Map/Map_01.prefab using Guid(8d197b68478e8dd44b0151c1b68d1b53) Importer(815301076,1909f56bfc062723c751e8b465ee728b)  -> (artifact id: '104d1f9f624760739f391c939440cf23') in 0.008478 seconds
  Import took 0.021357 seconds .

========================================================================
Received Import Request.
  Time since last request: 3.090171 seconds.
  path: Assets/Resources/Prefabs/Map/Map_001.prefab
  artifactKey: Guid(8d197b68478e8dd44b0151c1b68d1b53) Importer(815301076,1909f56bfc062723c751e8b465ee728b)
Start importing Assets/Resources/Prefabs/Map/Map_001.prefab using Guid(8d197b68478e8dd44b0151c1b68d1b53) Importer(815301076,1909f56bfc062723c751e8b465ee728b)  -> (artifact id: 'aeadf85eb9bd0511a296f6560dcf1d6f') in 0.012663 seconds
  Import took 0.020940 seconds .

========================================================================
Received Prepare
Registering precompiled user dll's ...
Registered in 0.003068 seconds.
Begin MonoManager ReloadAssembly
Native extension for WindowsStandalone target not found
Native extension for WebGL target not found
Refreshing native plugins compatible for Editor in 0.41 ms, found 1 plugins.
Preloading 0 native plugins for Editor in 0.00 ms.
Mono: successfully reloaded assembly
- Completed reload, in  1.543 seconds
Platform modules already initialized, skipping
Refreshing native plugins compatible for Editor in 0.80 ms, found 1 plugins.
Preloading 0 native plugins for Editor in 0.00 ms.
Unloading 1823 Unused Serialized files (Serialized files now loaded: 0)
System memory in use before: 85.5 MB.
System memory in use after: 85.5 MB.

Unloading 12 unused Assets to reduce memory usage. Loaded Objects now: 2327.
Total: 2.581200 ms (FindLiveObjects: 0.239900 ms CreateObjectMapping: 0.077800 ms MarkObjects: 2.091900 ms  DeleteObjects: 0.169900 ms)

========================================================================
Received Import Request.
  Time since last request: 194.281377 seconds.
  path: Assets/Resources/Map/Map_001.txt
  artifactKey: Guid(18f7d6ea26987a840802486af94a4dc8) Importer(815301076,1909f56bfc062723c751e8b465ee728b)
Start importing Assets/Resources/Map/Map_001.txt using Guid(18f7d6ea26987a840802486af94a4dc8) Importer(815301076,1909f56bfc062723c751e8b465ee728b)  -> (artifact id: '0d5fdc6fc0363ee24f325bf468ab87cb') in 0.020139 seconds
  Import took 0.026528 seconds .

========================================================================
Received Import Request.
  Time since last request: 34.168960 seconds.
  path: Assets/Resources/Prefabs/Map/Map_001.prefab
  artifactKey: Guid(8d197b68478e8dd44b0151c1b68d1b53) Importer(815301076,1909f56bfc062723c751e8b465ee728b)
Start importing Assets/Resources/Prefabs/Map/Map_001.prefab using Guid(8d197b68478e8dd44b0151c1b68d1b53) Importer(815301076,1909f56bfc062723c751e8b465ee728b)  -> (artifact id: '6618a025cf786193224c778c1beab667') in 0.025768 seconds
  Import took 0.032208 seconds .

AssetImportWorkerClient::OnTransportError - code=2 error=End of file
